<?xml version="1.0" encoding="UTF-8"?>
<!-- Generated by org.testng.reporters.JUnitXMLReporter -->
<testsuite hostname="VENUS-PC" name="Default test" tests="1" failures="1" timestamp="15 Jun 2020 05:28:14 GMT" time="3.49" errors="0">
  <testcase name="tc001" time="3.445" classname="com.hrms.testscripts.TC001">
    <failure type="org.openqa.selenium.SessionNotCreatedException" message="session not created: This version of ChromeDriver only supports Chrome version 80
Build info: version: &amp;apos;3.141.59&amp;apos;, revision: &amp;apos;e82be7d358&amp;apos;, time: &amp;apos;2018-11-14T08:25:48&amp;apos;
System info: host: &amp;apos;VENUS-PC&amp;apos;, ip: &amp;apos;127.0.0.1&amp;apos;, os.name: &amp;apos;Windows 10&amp;apos;, os.arch: &amp;apos;amd64&amp;apos;, os.version: &amp;apos;10.0&amp;apos;, java.version: &amp;apos;1.8.0_251&amp;apos;
Driver info: driver.version: ChromeDriver
remote stacktrace: Backtrace:
	Ordinal0 [0x00A00C83+1707139]
	Ordinal0 [0x009668F1+1075441]
	Ordinal0 [0x008DDFC9+516041]
	Ordinal0 [0x00870554+66900]
	Ordinal0 [0x0086CCE2+52450]
	Ordinal0 [0x0088BFD7+180183]
	Ordinal0 [0x0088BDDD+179677]
	Ordinal0 [0x00889D4B+171339]
	Ordinal0 [0x00871D4A+73034]
	Ordinal0 [0x00872DC0+77248]
	Ordinal0 [0x00872D59+77145]
	Ordinal0 [0x0097BB67+1162087]
	GetHandleVerifier [0x00A9A966+508998]
	GetHandleVerifier [0x00A9A6A4+508292]
	GetHandleVerifier [0x00AAF7B7+594583]
	GetHandleVerifier [0x00A9B1D6+511158]
	Ordinal0 [0x0097402C+1130540]
	Ordinal0 [0x0097D4CB+1168587]
	Ordinal0 [0x0097D633+1168947]
	Ordinal0 [0x00995B35+1268533]
	BaseThreadInitThunk [0x76AD6359+25]
	RtlGetAppContainerNamedObjectPath [0x77047C24+228]
	RtlGetAppContainerNamedObjectPath [0x77047BF4+180]
">
      <![CDATA[org.openqa.selenium.SessionNotCreatedException: session not created: This version of ChromeDriver only supports Chrome version 80
Build info: version: '3.141.59', revision: 'e82be7d358', time: '2018-11-14T08:25:48'
System info: host: 'VENUS-PC', ip: '127.0.0.1', os.name: 'Windows 10', os.arch: 'amd64', os.version: '10.0', java.version: '1.8.0_251'
Driver info: driver.version: ChromeDriver
remote stacktrace: Backtrace:
	Ordinal0 [0x00A00C83+1707139]
	Ordinal0 [0x009668F1+1075441]
	Ordinal0 [0x008DDFC9+516041]
	Ordinal0 [0x00870554+66900]
	Ordinal0 [0x0086CCE2+52450]
	Ordinal0 [0x0088BFD7+180183]
	Ordinal0 [0x0088BDDD+179677]
	Ordinal0 [0x00889D4B+171339]
	Ordinal0 [0x00871D4A+73034]
	Ordinal0 [0x00872DC0+77248]
	Ordinal0 [0x00872D59+77145]
	Ordinal0 [0x0097BB67+1162087]
	GetHandleVerifier [0x00A9A966+508998]
	GetHandleVerifier [0x00A9A6A4+508292]
	GetHandleVerifier [0x00AAF7B7+594583]
	GetHandleVerifier [0x00A9B1D6+511158]
	Ordinal0 [0x0097402C+1130540]
	Ordinal0 [0x0097D4CB+1168587]
	Ordinal0 [0x0097D633+1168947]
	Ordinal0 [0x00995B35+1268533]
	BaseThreadInitThunk [0x76AD6359+25]
	RtlGetAppContainerNamedObjectPath [0x77047C24+228]
	RtlGetAppContainerNamedObjectPath [0x77047BF4+180]

	at sun.reflect.NativeConstructorAccessorImpl.newInstance0(Native Method)
	at sun.reflect.NativeConstructorAccessorImpl.newInstance(Unknown Source)
	at sun.reflect.DelegatingConstructorAccessorImpl.newInstance(Unknown Source)
	at java.lang.reflect.Constructor.newInstance(Unknown Source)
	at org.openqa.selenium.remote.W3CHandshakeResponse.lambda$errorHandler$0(W3CHandshakeResponse.java:62)
	at org.openqa.selenium.remote.HandshakeResponse.lambda$getResponseFunction$0(HandshakeResponse.java:30)
	at org.openqa.selenium.remote.ProtocolHandshake.lambda$createSession$0(ProtocolHandshake.java:126)
	at java.util.stream.ReferencePipeline$3$1.accept(Unknown Source)
	at java.util.Spliterators$ArraySpliterator.tryAdvance(Unknown Source)
	at java.util.stream.ReferencePipeline.forEachWithCancel(Unknown Source)
	at java.util.stream.AbstractPipeline.copyIntoWithCancel(Unknown Source)
	at java.util.stream.AbstractPipeline.copyInto(Unknown Source)
	at java.util.stream.AbstractPipeline.wrapAndCopyInto(Unknown Source)
	at java.util.stream.FindOps$FindOp.evaluateSequential(Unknown Source)
	at java.util.stream.AbstractPipeline.evaluate(Unknown Source)
	at java.util.stream.ReferencePipeline.findFirst(Unknown Source)
	at org.openqa.selenium.remote.ProtocolHandshake.createSession(ProtocolHandshake.java:128)
	at org.openqa.selenium.remote.ProtocolHandshake.createSession(ProtocolHandshake.java:74)
	at org.openqa.selenium.remote.HttpCommandExecutor.execute(HttpCommandExecutor.java:136)
	at org.openqa.selenium.remote.service.DriverCommandExecutor.execute(DriverCommandExecutor.java:83)
	at org.openqa.selenium.remote.RemoteWebDriver.execute(RemoteWebDriver.java:552)
	at org.openqa.selenium.remote.RemoteWebDriver.startSession(RemoteWebDriver.java:213)
	at org.openqa.selenium.remote.RemoteWebDriver.<init>(RemoteWebDriver.java:131)
	at org.openqa.selenium.chrome.ChromeDriver.<init>(ChromeDriver.java:181)
	at org.openqa.selenium.chrome.ChromeDriver.<init>(ChromeDriver.java:168)
	at org.openqa.selenium.chrome.ChromeDriver.<init>(ChromeDriver.java:123)
	at com.hrms.utils.BaseClass.openApplcation(BaseClass.java:16)
	at com.hrms.testscripts.TC001.tc001(TC001.java:16)
	at sun.reflect.NativeMethodAccessorImpl.invoke0(Native Method)
	at sun.reflect.NativeMethodAccessorImpl.invoke(Unknown Source)
	at sun.reflect.DelegatingMethodAccessorImpl.invoke(Unknown Source)
	at java.lang.reflect.Method.invoke(Unknown Source)
	at org.testng.internal.MethodInvocationHelper.invokeMethod(MethodInvocationHelper.java:80)
	at org.testng.internal.Invoker.invokeMethod(Invoker.java:715)
	at org.testng.internal.Invoker.invokeTestMethod(Invoker.java:907)
	at org.testng.internal.Invoker.invokeTestMethods(Invoker.java:1237)
	at org.testng.internal.TestMethodWorker.invokeTestMethods(TestMethodWorker.java:127)
	at org.testng.internal.TestMethodWorker.run(TestMethodWorker.java:111)
	at org.testng.TestRunner.privateRun(TestRunner.java:767)
	at org.testng.TestRunner.run(TestRunner.java:617)
	at org.testng.SuiteRunner.runTest(SuiteRunner.java:334)
	at org.testng.SuiteRunner.runSequentially(SuiteRunner.java:329)
	at org.testng.SuiteRunner.privateRun(SuiteRunner.java:291)
	at org.testng.SuiteRunner.run(SuiteRunner.java:240)
	at org.testng.SuiteRunnerWorker.runSuite(SuiteRunnerWorker.java:51)
	at org.testng.SuiteRunnerWorker.run(SuiteRunnerWorker.java:85)
	at org.testng.TestNG.runSuitesSequentially(TestNG.java:1197)
	at org.testng.TestNG.runSuitesLocally(TestNG.java:1122)
	at org.testng.TestNG.run(TestNG.java:1030)
	at org.testng.remote.AbstractRemoteTestNG.run(AbstractRemoteTestNG.java:114)
	at org.testng.remote.RemoteTestNG.initAndRun(RemoteTestNG.java:251)
	at org.testng.remote.RemoteTestNG.main(RemoteTestNG.java:77)
]]>
    </failure>
  </testcase> <!-- tc001 -->
</testsuite> <!-- Default test -->
